>>>>> /home/eva/projects/reorg-movies backit.sh
>>>>> /home/eva/projects/reorg-movies byyear.sh
>>>>> /home/eva/projects/reorg-movies checkit.sh
>>>>> /home/eva/projects/reorg-movies cleantest.sh
>>>>> /home/eva/projects/reorg-movies copyit.sh
>>>>> /home/eva/projects/reorg-movies doit.sh
>>>>> /home/eva/projects/reorg-movies files
>>>>> /home/eva/projects/reorg-movies log
>>>>> /home/eva/projects/reorg-movies/log moveit-log-20089.txt
>>>>> /home/eva/projects/reorg-movies movefiletodirit.sh
>>>>> /home/eva/projects/reorg-movies moveit.sh
>>>>> /home/eva/projects/reorg-movies publishit.sh
>>>>> /home/eva/projects/reorg-movies README.md
>>>>> /home/eva/projects/reorg-movies test-byyear
>>>>> /home/eva/projects/reorg-movies/test-byyear MovieMaster1
>>>>> /home/eva/projects/reorg-movies/test-byyear MovieMaster2
>>>>> /home/eva/projects/reorg-movies/test-byyear MovieMaster3
>>>>> /home/eva/projects/reorg-movies test-from
>>>>> /home/eva/projects/reorg-movies/test-from movie
>>>>> /home/eva/projects/reorg-movies/test-from 10
>>>>> /home/eva/projects/reorg-movies/test-from fdgdfgfdg
>>>>> /home/eva/projects/reorg-movies/test-from fdgdg(sdff)
>>>>> /home/eva/projects/reorg-movies/test-from movie
>>>>> /home/eva/projects/reorg-movies/test-from 1
>>>>> /home/eva/projects/reorg-movies/test-from (1976)
>>>>> /home/eva/projects/reorg-movies/test-from movie
>>>>> /home/eva/projects/reorg-movies/test-from 2
>>>>> /home/eva/projects/reorg-movies/test-from (1985)
>>>>> /home/eva/projects/reorg-movies/test-from movie
>>>>> /home/eva/projects/reorg-movies/test-from 2
>>>>> /home/eva/projects/reorg-movies/test-from (1985)
>>>>> /home/eva/projects/reorg-movies/test-from copy
>>>>> /home/eva/projects/reorg-movies/test-from movie
>>>>> /home/eva/projects/reorg-movies/test-from 3
>>>>> /home/eva/projects/reorg-movies/test-from (2020)
>>>>> /home/eva/projects/reorg-movies/test-from (copy)
>>>>> /home/eva/projects/reorg-movies/test-from movie
>>>>> /home/eva/projects/reorg-movies/test-from 4
>>>>> /home/eva/projects/reorg-movies/test-from (1080)
>>>>> /home/eva/projects/reorg-movies/test-from (1979)
>>>>> /home/eva/projects/reorg-movies/test-from (copy)
>>>>> /home/eva/projects/reorg-movies/test-from movie
>>>>> /home/eva/projects/reorg-movies/test-from 5
>>>>> /home/eva/projects/reorg-movies/test-from (ahahahah)
>>>>> /home/eva/projects/reorg-movies/test-from (1927)
>>>>> /home/eva/projects/reorg-movies/test-from movie
>>>>> /home/eva/projects/reorg-movies/test-from 6
>>>>> /home/eva/projects/reorg-movies/test-from (ahahahah)
>>>>> /home/eva/projects/reorg-movies/test-from (2025)
>>>>> /home/eva/projects/reorg-movies/test-from (another
>>>>> /home/eva/projects/reorg-movies/test-from copy)
>>>>> /home/eva/projects/reorg-movies/test-from movie
>>>>> /home/eva/projects/reorg-movies/test-from 7
>>>>> /home/eva/projects/reorg-movies/test-from (ahahahah)
>>>>> /home/eva/projects/reorg-movies/test-from (1905)
>>>>> /home/eva/projects/reorg-movies/test-from movie
>>>>> /home/eva/projects/reorg-movies/test-from 8
>>>>> /home/eva/projects/reorg-movies/test-from (dddddfd)
>>>>> /home/eva/projects/reorg-movies/test-from (2020)
>>>>> /home/eva/projects/reorg-movies/test-from movie
>>>>> /home/eva/projects/reorg-movies/test-from 9
>>>>> /home/eva/projects/reorg-movies/test-from fkfhkhf
>>>>> /home/eva/projects/reorg-movies/test-from fjjjffjj
>>>>> /home/eva/projects/reorg-movies/test-from -fdf
>>>>> /home/eva/projects/reorg-movies test-from-year
>>>>> /home/eva/projects/reorg-movies/test-from-year 1976
>>>>> /home/eva/projects/reorg-movies/test-from-year/1976 movie
>>>>> /home/eva/projects/reorg-movies/test-from-year/1976 1
>>>>> /home/eva/projects/reorg-movies/test-from-year/1976 (1976)
>>>>> /home/eva/projects/reorg-movies/test-from-year/1976 movie
>>>>> /home/eva/projects/reorg-movies/test-from-year/1976 1
>>>>> /home/eva/projects/reorg-movies/test-from-year/1976 (1976)
>>>>> /home/eva/projects/reorg-movies/test-from-year 1985
>>>>> /home/eva/projects/reorg-movies/test-from-year/1985 movie
>>>>> /home/eva/projects/reorg-movies/test-from-year/1985 2
>>>>> /home/eva/projects/reorg-movies/test-from-year/1985 (1985)
>>>>> /home/eva/projects/reorg-movies/test-from-year/1985 movie
>>>>> /home/eva/projects/reorg-movies/test-from-year/1985 2
>>>>> /home/eva/projects/reorg-movies/test-from-year/1985 (1985)
>>>>> /home/eva/projects/reorg-movies/test-from-year 2008
>>>>> /home/eva/projects/reorg-movies/test-from-year/2008 movie
>>>>> /home/eva/projects/reorg-movies/test-from-year/2008 33
>>>>> /home/eva/projects/reorg-movies/test-from-year/2008 (2008)
>>>>> /home/eva/projects/reorg-movies/test-from-year/2008 movie
>>>>> /home/eva/projects/reorg-movies/test-from-year/2008 34
>>>>> /home/eva/projects/reorg-movies/test-from-year 2012
>>>>> /home/eva/projects/reorg-movies/test-from-year/2012 movie
>>>>> /home/eva/projects/reorg-movies/test-from-year/2012 43
>>>>> /home/eva/projects/reorg-movies/test-from-year/2012 (2012)
>>>>> /home/eva/projects/reorg-movies/test-from-year/2012 movie
>>>>> /home/eva/projects/reorg-movies/test-from-year/2012 44
>>>>> /home/eva/projects/reorg-movies/test-from-year 2013
>>>>> /home/eva/projects/reorg-movies/test-from-year/2013 movie
>>>>> /home/eva/projects/reorg-movies/test-from-year/2013 54
>>>>> /home/eva/projects/reorg-movies/test-from-year/2013 (2013)
>>>>> /home/eva/projects/reorg-movies/test-from-year/2013 movie
>>>>> /home/eva/projects/reorg-movies/test-from-year/2013 55
>>>>> /home/eva/projects/reorg-movies/test-from-year 2017
>>>>> /home/eva/projects/reorg-movies/test-from-year/2017 movie
>>>>> /home/eva/projects/reorg-movies/test-from-year/2017 66
>>>>> /home/eva/projects/reorg-movies/test-from-year 2020
>>>>> /home/eva/projects/reorg-movies/test-from-year/2020 movie
>>>>> /home/eva/projects/reorg-movies/test-from-year/2020 81
>>>>> /home/eva/projects/reorg-movies/test-from-year/2020 (2020)
>>>>> /home/eva/projects/reorg-movies/test-from-year/2020 movie
>>>>> /home/eva/projects/reorg-movies/test-from-year/2020 8
>>>>> /home/eva/projects/reorg-movies/test-from-year/2021 movie
>>>>> /home/eva/projects/reorg-movies/test-from-year/2021 87
>>>>> /home/eva/projects/reorg-movies/test-from-year/2021 (2021)
>>>>> /home/eva/projects/reorg-movies/test-from-year/2021 movie
>>>>> /home/eva/projects/reorg-movies/test-from-year/2021 88
